<?xml version="1.0" encoding="UTF-8"?>
<!-- Generated by org.testng.reporters.JUnitReportReporter -->
<testsuite hostname="DESKTOP-US1CTOQ" failures="0" tests="2" name="com.selenium.tripcost.test.TripAdvisorTest.TestProject" time="108.583" errors="0" timestamp="2023-08-01T16:49:00 IST" skipped="0">
  <testcase classname="com.selenium.tripcost.test.TripAdvisorTest.TestProject" name="test1" time="107.029"/>
  <system-out/>
  <testcase classname="com.selenium.tripcost.test.TripAdvisorTest.TestProject" name="test2" time="1.554"/>
  <system-out/>
</testsuite> <!-- com.selenium.tripcost.test.TripAdvisorTest.TestProject -->
